<?xml version="1.0" encoding="UTF-8"?>
<robot generator="Robot 3.2.2 (Python 3.8.3 on win32)" generated="20210209 20:57:46.755" rpa="false">
<suite id="s1" name="MarsAir" source="C:\Users\fs.santos\Desktop\MarsAir\MarsAir.robot">
<test id="s1-t1" name="An One-year trip without seats available">
<kw name="Go to MarsAir" library="resource" type="setup">
<kw name="Open Browser" library="SeleniumLibrary">
<doc>Opens a new browser instance to the optional ``url``.</doc>
<arguments>
<arg>${URL}</arg>
<arg>chrome</arg>
</arguments>
<msg timestamp="20210209 20:57:46.911" level="INFO">Opening browser 'chrome' to base url 'https://marsair.thoughtworks-labs.net/fabriciasantos'.</msg>
<status status="PASS" starttime="20210209 20:57:46.911" endtime="20210209 20:57:51.697"></status>
</kw>
<kw name="Maximize Browser Window" library="SeleniumLibrary">
<doc>Maximizes current browser window.</doc>
<status status="PASS" starttime="20210209 20:57:51.697" endtime="20210209 20:57:53.865"></status>
</kw>
<status status="PASS" starttime="20210209 20:57:46.911" endtime="20210209 20:57:53.865"></status>
</kw>
<kw name="Given that the customer has booked a one-year trip and don't have more seats" library="MainPage">
<kw name="Select From List By Value" library="SeleniumLibrary">
<doc>Selects options from selection list ``locator`` by ``values``.</doc>
<arguments>
<arg>${CboDeparting}</arg>
<arg>0</arg>
</arguments>
<msg timestamp="20210209 20:57:53.865" level="INFO">Selecting options from selection list 'id:departing' by value 0.</msg>
<status status="PASS" starttime="20210209 20:57:53.865" endtime="20210209 20:57:53.927"></status>
</kw>
<kw name="Select From List By Value" library="SeleniumLibrary">
<doc>Selects options from selection list ``locator`` by ``values``.</doc>
<arguments>
<arg>${CboReturnig}</arg>
<arg>2</arg>
</arguments>
<msg timestamp="20210209 20:57:53.927" level="INFO">Selecting options from selection list 'id:returning' by value 2.</msg>
<status status="PASS" starttime="20210209 20:57:53.927" endtime="20210209 20:57:53.993"></status>
</kw>
<status status="PASS" starttime="20210209 20:57:53.865" endtime="20210209 20:57:53.993"></status>
</kw>
<kw name="When the customer insert a valid promocional code" library="MainPage">
<kw name="Input Text" library="SeleniumLibrary">
<doc>Types the given ``text`` into the text field identified by ``locator``.</doc>
<arguments>
<arg>${TxtPromocionalCode}</arg>
<arg>FS9-SSA-009</arg>
</arguments>
<msg timestamp="20210209 20:57:53.994" level="INFO">Typing text 'FS9-SSA-009' into text field 'id:promotional_code'.</msg>
<status status="PASS" starttime="20210209 20:57:53.994" endtime="20210209 20:57:54.063"></status>
</kw>
<status status="PASS" starttime="20210209 20:57:53.994" endtime="20210209 20:57:54.063"></status>
</kw>
<kw name="And search the seats" library="MainPage">
<kw name="Click Button" library="SeleniumLibrary">
<doc>Clicks the button identified by ``locator``.</doc>
<arguments>
<arg>${BtnSearch}</arg>
</arguments>
<msg timestamp="20210209 20:57:54.064" level="INFO">Clicking button 'xpath://dd//input[@value="Search"]'.</msg>
<status status="PASS" starttime="20210209 20:57:54.064" endtime="20210209 20:57:54.413"></status>
</kw>
<status status="PASS" starttime="20210209 20:57:54.064" endtime="20210209 20:57:54.413"></status>
</kw>
<kw name="Then the MarsAir will be return the message informing don't have more seats" library="ResultPage">
<kw name="Page Should Contain" library="SeleniumLibrary">
<doc>Verifies that current page contains ``text``.</doc>
<arguments>
<arg>Sorry, there are no more seats available.</arg>
</arguments>
<msg timestamp="20210209 20:57:54.426" level="INFO">Current page contains text 'Sorry, there are no more seats available.'.</msg>
<status status="PASS" starttime="20210209 20:57:54.414" endtime="20210209 20:57:54.426"></status>
</kw>
<status status="PASS" starttime="20210209 20:57:54.414" endtime="20210209 20:57:54.427"></status>
</kw>
<kw name="Close" library="resource" type="teardown">
<kw name="Close Browser" library="SeleniumLibrary">
<doc>Closes the current browser.</doc>
<status status="PASS" starttime="20210209 20:57:54.428" endtime="20210209 20:57:56.690"></status>
</kw>
<status status="PASS" starttime="20210209 20:57:54.427" endtime="20210209 20:57:56.690"></status>
</kw>
<tags>
<tag>without_Seat</tag>
</tags>
<status status="PASS" starttime="20210209 20:57:46.911" endtime="20210209 20:57:56.690" critical="yes"></status>
</test>
<test id="s1-t2" name="A Two-years and six months trip with seats available">
<kw name="Go to MarsAir" library="resource" type="setup">
<kw name="Open Browser" library="SeleniumLibrary">
<doc>Opens a new browser instance to the optional ``url``.</doc>
<arguments>
<arg>${URL}</arg>
<arg>chrome</arg>
</arguments>
<msg timestamp="20210209 20:57:56.690" level="INFO">Opening browser 'chrome' to base url 'https://marsair.thoughtworks-labs.net/fabriciasantos'.</msg>
<status status="PASS" starttime="20210209 20:57:56.690" endtime="20210209 20:58:01.515"></status>
</kw>
<kw name="Maximize Browser Window" library="SeleniumLibrary">
<doc>Maximizes current browser window.</doc>
<status status="PASS" starttime="20210209 20:58:01.515" endtime="20210209 20:58:03.664"></status>
</kw>
<status status="PASS" starttime="20210209 20:57:56.690" endtime="20210209 20:58:03.664"></status>
</kw>
<kw name="Given that the customer has booked a two-year and six months with seats available" library="MainPage">
<kw name="Select From List By Value" library="SeleniumLibrary">
<doc>Selects options from selection list ``locator`` by ``values``.</doc>
<arguments>
<arg>${CboDeparting}</arg>
<arg>0</arg>
</arguments>
<msg timestamp="20210209 20:58:03.664" level="INFO">Selecting options from selection list 'id:departing' by value 0.</msg>
<status status="PASS" starttime="20210209 20:58:03.664" endtime="20210209 20:58:03.746"></status>
</kw>
<kw name="Select From List By Value" library="SeleniumLibrary">
<doc>Selects options from selection list ``locator`` by ``values``.</doc>
<arguments>
<arg>${CboReturnig}</arg>
<arg>5</arg>
</arguments>
<msg timestamp="20210209 20:58:03.746" level="INFO">Selecting options from selection list 'id:returning' by value 5.</msg>
<status status="PASS" starttime="20210209 20:58:03.746" endtime="20210209 20:58:03.800"></status>
</kw>
<status status="PASS" starttime="20210209 20:58:03.664" endtime="20210209 20:58:03.800"></status>
</kw>
<kw name="When the customer insert a valid promocional code" library="MainPage">
<kw name="Input Text" library="SeleniumLibrary">
<doc>Types the given ``text`` into the text field identified by ``locator``.</doc>
<arguments>
<arg>${TxtPromocionalCode}</arg>
<arg>FS9-SSA-009</arg>
</arguments>
<msg timestamp="20210209 20:58:03.800" level="INFO">Typing text 'FS9-SSA-009' into text field 'id:promotional_code'.</msg>
<status status="PASS" starttime="20210209 20:58:03.800" endtime="20210209 20:58:03.878"></status>
</kw>
<status status="PASS" starttime="20210209 20:58:03.800" endtime="20210209 20:58:03.878"></status>
</kw>
<kw name="And search the seats" library="MainPage">
<kw name="Click Button" library="SeleniumLibrary">
<doc>Clicks the button identified by ``locator``.</doc>
<arguments>
<arg>${BtnSearch}</arg>
</arguments>
<msg timestamp="20210209 20:58:03.879" level="INFO">Clicking button 'xpath://dd//input[@value="Search"]'.</msg>
<status status="PASS" starttime="20210209 20:58:03.879" endtime="20210209 20:58:04.242"></status>
</kw>
<status status="PASS" starttime="20210209 20:58:03.878" endtime="20210209 20:58:04.242"></status>
</kw>
<kw name="Then the MarsAir will be return the message informing that have seats and informing the discount" library="ResultPage">
<kw name="Page Should Contain" library="SeleniumLibrary">
<doc>Verifies that current page contains ``text``.</doc>
<arguments>
<arg>Seats available!</arg>
</arguments>
<msg timestamp="20210209 20:58:04.255" level="INFO">Current page contains text 'Seats available!'.</msg>
<status status="PASS" starttime="20210209 20:58:04.243" endtime="20210209 20:58:04.255"></status>
</kw>
<kw name="Page Should Contain" library="SeleniumLibrary">
<doc>Verifies that current page contains ``text``.</doc>
<arguments>
<arg>Promotional code</arg>
<arg>used: % discount!</arg>
</arguments>
<msg timestamp="20210209 20:58:04.266" level="INFO">Current page contains text 'Promotional code'.</msg>
<status status="PASS" starttime="20210209 20:58:04.255" endtime="20210209 20:58:04.266"></status>
</kw>
<status status="PASS" starttime="20210209 20:58:04.242" endtime="20210209 20:58:04.266"></status>
</kw>
<kw name="Close" library="resource" type="teardown">
<kw name="Close Browser" library="SeleniumLibrary">
<doc>Closes the current browser.</doc>
<status status="PASS" starttime="20210209 20:58:04.268" endtime="20210209 20:58:06.430"></status>
</kw>
<status status="PASS" starttime="20210209 20:58:04.268" endtime="20210209 20:58:06.430"></status>
</kw>
<tags>
<tag>with_Seat</tag>
</tags>
<status status="PASS" starttime="20210209 20:57:56.690" endtime="20210209 20:58:06.430" critical="yes"></status>
</test>
<test id="s1-t3" name="A Less one-year trip">
<kw name="Go to MarsAir" library="resource" type="setup">
<kw name="Open Browser" library="SeleniumLibrary">
<doc>Opens a new browser instance to the optional ``url``.</doc>
<arguments>
<arg>${URL}</arg>
<arg>chrome</arg>
</arguments>
<msg timestamp="20210209 20:58:06.430" level="INFO">Opening browser 'chrome' to base url 'https://marsair.thoughtworks-labs.net/fabriciasantos'.</msg>
<status status="PASS" starttime="20210209 20:58:06.430" endtime="20210209 20:58:11.034"></status>
</kw>
<kw name="Maximize Browser Window" library="SeleniumLibrary">
<doc>Maximizes current browser window.</doc>
<status status="PASS" starttime="20210209 20:58:11.035" endtime="20210209 20:58:13.200"></status>
</kw>
<status status="PASS" starttime="20210209 20:58:06.430" endtime="20210209 20:58:13.200"></status>
</kw>
<kw name="Given that the customer has booked a less one-year trip" library="MainPage">
<kw name="Select From List By Value" library="SeleniumLibrary">
<doc>Selects options from selection list ``locator`` by ``values``.</doc>
<arguments>
<arg>${CboDeparting}</arg>
<arg>0</arg>
</arguments>
<msg timestamp="20210209 20:58:13.200" level="INFO">Selecting options from selection list 'id:departing' by value 0.</msg>
<status status="PASS" starttime="20210209 20:58:13.200" endtime="20210209 20:58:13.277"></status>
</kw>
<kw name="Select From List By Value" library="SeleniumLibrary">
<doc>Selects options from selection list ``locator`` by ``values``.</doc>
<arguments>
<arg>${CboReturnig}</arg>
<arg>1</arg>
</arguments>
<msg timestamp="20210209 20:58:13.278" level="INFO">Selecting options from selection list 'id:returning' by value 1.</msg>
<status status="PASS" starttime="20210209 20:58:13.278" endtime="20210209 20:58:13.336"></status>
</kw>
<status status="PASS" starttime="20210209 20:58:13.200" endtime="20210209 20:58:13.336"></status>
</kw>
<kw name="When the customer insert a valid promocional code" library="MainPage">
<kw name="Input Text" library="SeleniumLibrary">
<doc>Types the given ``text`` into the text field identified by ``locator``.</doc>
<arguments>
<arg>${TxtPromocionalCode}</arg>
<arg>FS9-SSA-009</arg>
</arguments>
<msg timestamp="20210209 20:58:13.336" level="INFO">Typing text 'FS9-SSA-009' into text field 'id:promotional_code'.</msg>
<status status="PASS" starttime="20210209 20:58:13.336" endtime="20210209 20:58:13.412"></status>
</kw>
<status status="PASS" starttime="20210209 20:58:13.336" endtime="20210209 20:58:13.412"></status>
</kw>
<kw name="And search the seats" library="MainPage">
<kw name="Click Button" library="SeleniumLibrary">
<doc>Clicks the button identified by ``locator``.</doc>
<arguments>
<arg>${BtnSearch}</arg>
</arguments>
<msg timestamp="20210209 20:58:13.412" level="INFO">Clicking button 'xpath://dd//input[@value="Search"]'.</msg>
<status status="PASS" starttime="20210209 20:58:13.412" endtime="20210209 20:58:13.775"></status>
</kw>
<status status="PASS" starttime="20210209 20:58:13.412" endtime="20210209 20:58:13.775"></status>
</kw>
<kw name="Then the MarsAir will be return the message informing that scheldule is not possible." library="ResultPage">
<kw name="Page Should Contain" library="SeleniumLibrary">
<doc>Verifies that current page contains ``text``.</doc>
<arguments>
<arg>Unfortunately, this schedule is not possible. Please try again.</arg>
</arguments>
<msg timestamp="20210209 20:58:13.790" level="INFO">Current page contains text 'Unfortunately, this schedule is not possible. Please try again.'.</msg>
<status status="PASS" starttime="20210209 20:58:13.776" endtime="20210209 20:58:13.790"></status>
</kw>
<status status="PASS" starttime="20210209 20:58:13.776" endtime="20210209 20:58:13.790"></status>
</kw>
<kw name="Close" library="resource" type="teardown">
<kw name="Close Browser" library="SeleniumLibrary">
<doc>Closes the current browser.</doc>
<status status="PASS" starttime="20210209 20:58:13.791" endtime="20210209 20:58:15.918"></status>
</kw>
<status status="PASS" starttime="20210209 20:58:13.790" endtime="20210209 20:58:15.918"></status>
</kw>
<tags>
<tag>Invalids</tag>
</tags>
<status status="PASS" starttime="20210209 20:58:06.430" endtime="20210209 20:58:15.918" critical="yes"></status>
</test>
<test id="s1-t4" name="Trip without return">
<kw name="Go to MarsAir" library="resource" type="setup">
<kw name="Open Browser" library="SeleniumLibrary">
<doc>Opens a new browser instance to the optional ``url``.</doc>
<arguments>
<arg>${URL}</arg>
<arg>chrome</arg>
</arguments>
<msg timestamp="20210209 20:58:15.918" level="INFO">Opening browser 'chrome' to base url 'https://marsair.thoughtworks-labs.net/fabriciasantos'.</msg>
<status status="PASS" starttime="20210209 20:58:15.918" endtime="20210209 20:58:20.576"></status>
</kw>
<kw name="Maximize Browser Window" library="SeleniumLibrary">
<doc>Maximizes current browser window.</doc>
<status status="PASS" starttime="20210209 20:58:20.576" endtime="20210209 20:58:22.733"></status>
</kw>
<status status="PASS" starttime="20210209 20:58:15.918" endtime="20210209 20:58:22.733"></status>
</kw>
<kw name="Given that the customer has booked a trip without return" library="MainPage">
<kw name="Select From List By Value" library="SeleniumLibrary">
<doc>Selects options from selection list ``locator`` by ``values``.</doc>
<arguments>
<arg>${CboDeparting}</arg>
<arg>0</arg>
</arguments>
<msg timestamp="20210209 20:58:22.733" level="INFO">Selecting options from selection list 'id:departing' by value 0.</msg>
<status status="PASS" starttime="20210209 20:58:22.733" endtime="20210209 20:58:22.815"></status>
</kw>
<status status="PASS" starttime="20210209 20:58:22.733" endtime="20210209 20:58:22.815"></status>
</kw>
<kw name="When the customer insert a valid promocional code" library="MainPage">
<kw name="Input Text" library="SeleniumLibrary">
<doc>Types the given ``text`` into the text field identified by ``locator``.</doc>
<arguments>
<arg>${TxtPromocionalCode}</arg>
<arg>FS9-SSA-009</arg>
</arguments>
<msg timestamp="20210209 20:58:22.817" level="INFO">Typing text 'FS9-SSA-009' into text field 'id:promotional_code'.</msg>
<status status="PASS" starttime="20210209 20:58:22.816" endtime="20210209 20:58:22.893"></status>
</kw>
<status status="PASS" starttime="20210209 20:58:22.816" endtime="20210209 20:58:22.893"></status>
</kw>
<kw name="And search the seats" library="MainPage">
<kw name="Click Button" library="SeleniumLibrary">
<doc>Clicks the button identified by ``locator``.</doc>
<arguments>
<arg>${BtnSearch}</arg>
</arguments>
<msg timestamp="20210209 20:58:22.894" level="INFO">Clicking button 'xpath://dd//input[@value="Search"]'.</msg>
<status status="PASS" starttime="20210209 20:58:22.893" endtime="20210209 20:58:23.224"></status>
</kw>
<status status="PASS" starttime="20210209 20:58:22.893" endtime="20210209 20:58:23.224"></status>
</kw>
<kw name="Then the MarsAir will be return the message informing that scheldule is not possible." library="ResultPage">
<kw name="Page Should Contain" library="SeleniumLibrary">
<doc>Verifies that current page contains ``text``.</doc>
<arguments>
<arg>Unfortunately, this schedule is not possible. Please try again.</arg>
</arguments>
<kw name="Capture Page Screenshot" library="SeleniumLibrary">
<doc>Takes a screenshot of the current page and embeds it into a log file.</doc>
<msg timestamp="20210209 20:58:24.160" level="INFO" html="yes">&lt;/td&gt;&lt;/tr&gt;&lt;tr&gt;&lt;td colspan="3"&gt;&lt;a href="selenium-screenshot-2.png"&gt;&lt;img src="selenium-screenshot-2.png" width="800px"&gt;&lt;/a&gt;</msg>
<status status="PASS" starttime="20210209 20:58:23.249" endtime="20210209 20:58:24.160"></status>
</kw>
<msg timestamp="20210209 20:58:24.160" level="FAIL">Page should have contained text 'Unfortunately, this schedule is not possible. Please try again.' but did not.</msg>
<status status="FAIL" starttime="20210209 20:58:23.225" endtime="20210209 20:58:24.160"></status>
</kw>
<status status="FAIL" starttime="20210209 20:58:23.225" endtime="20210209 20:58:24.160"></status>
</kw>
<kw name="Close" library="resource" type="teardown">
<kw name="Close Browser" library="SeleniumLibrary">
<doc>Closes the current browser.</doc>
<status status="PASS" starttime="20210209 20:58:24.160" endtime="20210209 20:58:26.289"></status>
</kw>
<status status="PASS" starttime="20210209 20:58:24.160" endtime="20210209 20:58:26.289"></status>
</kw>
<tags>
<tag>Invalids</tag>
</tags>
<status status="FAIL" starttime="20210209 20:58:15.918" endtime="20210209 20:58:26.289" critical="yes">Page should have contained text 'Unfortunately, this schedule is not possible. Please try again.' but did not.</status>
</test>
<test id="s1-t5" name="Trip with invalid discount">
<kw name="Go to MarsAir" library="resource" type="setup">
<kw name="Open Browser" library="SeleniumLibrary">
<doc>Opens a new browser instance to the optional ``url``.</doc>
<arguments>
<arg>${URL}</arg>
<arg>chrome</arg>
</arguments>
<msg timestamp="20210209 20:58:26.289" level="INFO">Opening browser 'chrome' to base url 'https://marsair.thoughtworks-labs.net/fabriciasantos'.</msg>
<status status="PASS" starttime="20210209 20:58:26.289" endtime="20210209 20:58:30.930"></status>
</kw>
<kw name="Maximize Browser Window" library="SeleniumLibrary">
<doc>Maximizes current browser window.</doc>
<status status="PASS" starttime="20210209 20:58:30.930" endtime="20210209 20:58:33.083"></status>
</kw>
<status status="PASS" starttime="20210209 20:58:26.289" endtime="20210209 20:58:33.083"></status>
</kw>
<kw name="Given that the customer has booked a two-year and six months with seats available" library="MainPage">
<kw name="Select From List By Value" library="SeleniumLibrary">
<doc>Selects options from selection list ``locator`` by ``values``.</doc>
<arguments>
<arg>${CboDeparting}</arg>
<arg>0</arg>
</arguments>
<msg timestamp="20210209 20:58:33.083" level="INFO">Selecting options from selection list 'id:departing' by value 0.</msg>
<status status="PASS" starttime="20210209 20:58:33.083" endtime="20210209 20:58:33.159"></status>
</kw>
<kw name="Select From List By Value" library="SeleniumLibrary">
<doc>Selects options from selection list ``locator`` by ``values``.</doc>
<arguments>
<arg>${CboReturnig}</arg>
<arg>5</arg>
</arguments>
<msg timestamp="20210209 20:58:33.160" level="INFO">Selecting options from selection list 'id:returning' by value 5.</msg>
<status status="PASS" starttime="20210209 20:58:33.159" endtime="20210209 20:58:33.216"></status>
</kw>
<status status="PASS" starttime="20210209 20:58:33.083" endtime="20210209 20:58:33.216"></status>
</kw>
<kw name="When the customer insert a invalid promocional code" library="MainPage">
<kw name="Input Text" library="SeleniumLibrary">
<doc>Types the given ``text`` into the text field identified by ``locator``.</doc>
<arguments>
<arg>${TxtPromocionalCode}</arg>
<arg>AF9-FJK-4112</arg>
</arguments>
<msg timestamp="20210209 20:58:33.218" level="INFO">Typing text 'AF9-FJK-4112' into text field 'id:promotional_code'.</msg>
<status status="PASS" starttime="20210209 20:58:33.218" endtime="20210209 20:58:33.285"></status>
</kw>
<status status="PASS" starttime="20210209 20:58:33.218" endtime="20210209 20:58:33.285"></status>
</kw>
<kw name="And search the seats" library="MainPage">
<kw name="Click Button" library="SeleniumLibrary">
<doc>Clicks the button identified by ``locator``.</doc>
<arguments>
<arg>${BtnSearch}</arg>
</arguments>
<msg timestamp="20210209 20:58:33.285" level="INFO">Clicking button 'xpath://dd//input[@value="Search"]'.</msg>
<status status="PASS" starttime="20210209 20:58:33.285" endtime="20210209 20:58:33.648"></status>
</kw>
<status status="PASS" starttime="20210209 20:58:33.285" endtime="20210209 20:58:33.648"></status>
</kw>
<kw name="Then the MarsAir will be return the message informing that promocional code is invalid" library="ResultPage">
<kw name="Page Should Contain" library="SeleniumLibrary">
<doc>Verifies that current page contains ``text``.</doc>
<arguments>
<arg>Sorry, code</arg>
<arg>is not valid</arg>
</arguments>
<msg timestamp="20210209 20:58:33.663" level="INFO">Current page contains text 'Sorry, code'.</msg>
<status status="PASS" starttime="20210209 20:58:33.650" endtime="20210209 20:58:33.664"></status>
</kw>
<status status="PASS" starttime="20210209 20:58:33.649" endtime="20210209 20:58:33.664"></status>
</kw>
<kw name="Close" library="resource" type="teardown">
<kw name="Close Browser" library="SeleniumLibrary">
<doc>Closes the current browser.</doc>
<status status="PASS" starttime="20210209 20:58:33.664" endtime="20210209 20:58:35.817"></status>
</kw>
<status status="PASS" starttime="20210209 20:58:33.664" endtime="20210209 20:58:35.817"></status>
</kw>
<tags>
<tag>discount</tag>
</tags>
<status status="PASS" starttime="20210209 20:58:26.289" endtime="20210209 20:58:35.817" critical="yes"></status>
</test>
<status status="FAIL" starttime="20210209 20:57:46.755" endtime="20210209 20:58:35.817"></status>
</suite>
<statistics>
<total>
<stat pass="4" fail="1">Critical Tests</stat>
<stat pass="4" fail="1">All Tests</stat>
</total>
<tag>
<stat pass="1" fail="0">discount</stat>
<stat pass="1" fail="1">Invalids</stat>
<stat pass="1" fail="0">without_Seat</stat>
<stat pass="1" fail="0">with_Seat</stat>
</tag>
<suite>
<stat pass="4" fail="1" id="s1" name="MarsAir">MarsAir</stat>
</suite>
</statistics>
<errors>
</errors>
</robot>
